<?xml version="1.0" encoding="UTF-8"?>
<testng-results ignored="0" total="1" passed="1" failed="0" skipped="0">
  <reporter-output>
  </reporter-output>
  <suite started-at="2022-09-09T04:13:40 BDT" name="Default suite" finished-at="2022-09-09T04:15:00 BDT" duration-ms="79644">
    <groups>
    </groups>
    <test started-at="2022-09-09T04:13:40 BDT" name="Default test" finished-at="2022-09-09T04:15:00 BDT" duration-ms="79644">
      <class name="tests.TestCase2">
        <test-method is-config="true" signature="start()[pri:0, instance:tests.TestCase2@54acff7d]" started-at="2022-09-09T04:13:40 BDT" name="start" finished-at="2022-09-09T04:13:44 BDT" duration-ms="3406" status="PASS">
          <reporter-output>
          </reporter-output>
        </test-method> <!-- start -->
        <test-method signature="loginTest()[pri:0, instance:tests.TestCase2@54acff7d]" started-at="2022-09-09T04:13:44 BDT" name="loginTest" finished-at="2022-09-09T04:15:00 BDT" duration-ms="76162" status="PASS">
          <reporter-output>
          </reporter-output>
        </test-method> <!-- loginTest -->
      </class> <!-- tests.TestCase2 -->
    </test> <!-- Default test -->
  </suite> <!-- Default suite -->
</testng-results>
